#
# There is insufficient memory for the Java Runtime Environment to continue.
# Native memory allocation (mmap) failed to map 100663296 bytes for Failed to commit area from 0x00000000a1e00000 to 0x00000000a7e00000 of length 100663296.
# Possible reasons:
#   The system is out of physical RAM or swap space
#   The process is running with CompressedOops enabled, and the Java Heap may be blocking the growth of the native heap
# Possible solutions:
#   Reduce memory load on the system
#   Increase physical memory or swap space
#   Check if swap backing store is full
#   Decrease Java heap size (-Xmx/-Xms)
#   Decrease number of Java threads
#   Decrease Java thread stack sizes (-Xss)
#   Set larger code cache with -XX:ReservedCodeCacheSize=
# This output file may be truncated or incomplete.
#
#  Out of Memory Error (./src/hotspot/os/windows/os_windows.cpp:3303), pid=6480, tid=10448
#
# JRE version:  (11.0.8+10) (build )
# Java VM: OpenJDK 64-Bit Server VM (11.0.8+10, mixed mode, sharing, tiered, compressed oops, g1 gc, windows-amd64)
# No core dump will be written. Minidumps are not enabled by default on client versions of Windows
#

---------------  S U M M A R Y ------------

Command Line: -Dfile.encoding=Cp1252 jogodaforca.Main

Host: Intel(R) Core(TM) i5-3317U CPU @ 1.70GHz, 4 cores, 5G,  Windows 10 , 64 bit Build 17134 (10.0.17134.1425)
Time: Thu Oct  1 19:52:41 2020 Hora oficial do Brasil elapsed time: 0 seconds (0d 0h 0m 0s)

---------------  T H R E A D  ---------------

Current thread (0x000001ac7356a800):  JavaThread "Unknown thread" [_thread_in_vm, id=10448, stack(0x000000a1de300000,0x000000a1de400000)]

Stack: [0x000000a1de300000,0x000000a1de400000]
Native frames: (J=compiled Java code, j=interpreted, Vv=VM code, C=native code)
V  [jvm.dll+0x5dfa5a]
V  [jvm.dll+0x7175ce]
V  [jvm.dll+0x718c9f]
V  [jvm.dll+0x719363]
V  [jvm.dll+0x240e48]
V  [jvm.dll+0x5dccca]
V  [jvm.dll+0x5d1935]
V  [jvm.dll+0x2f650c]
V  [jvm.dll+0x2f6392]
V  [jvm.dll+0x2fb046]
V  [jvm.dll+0x33f06f]
V  [jvm.dll+0x33eaa0]
V  [jvm.dll+0x2d38d8]
V  [jvm.dll+0x2d4a26]
V  [jvm.dll+0x6f32c7]
V  [jvm.dll+0x6f4a4f]
V  [jvm.dll+0x34bdf9]
V  [jvm.dll+0x6d66d0]
V  [jvm.dll+0x3b32ef]
V  [jvm.dll+0x3b55a1]
C  [jli.dll+0x520b]
C  [ucrtbase.dll+0x1e3fe]
C  [KERNEL32.DLL+0x14034]
C  [ntdll.dll+0x73691]


---------------  P R O C E S S  ---------------

Threads class SMR info:
_java_thread_list=0x000001ac7344fd00, length=0, elements={
}

Java Threads: ( => current thread )

Other Threads:
  0x000001ac7357f000 GCTaskThread "GC Thread#0" [stack: 0x000000a1de400000,0x000000a1de500000] [id=6448]
  0x000001ac735a8000 ConcurrentGCThread "G1 Main Marker" [stack: 0x000000a1de500000,0x000000a1de600000] [id=3796]
  0x000001ac735ad800 ConcurrentGCThread "G1 Conc#0" [stack: 0x000000a1de600000,0x000000a1de700000] [id=2656]

[error occurred during error reporting (printing all threads), id 0xc0000005, EXCEPTION_ACCESS_VIOLATION (0xc0000005) at pc=0x00007fff37322f27]

VM state:not at safepoint (not fully initialized)

VM Mutex/Monitor currently owned by a thread:  ([mutex/lock_event])
[0x000001ac73567740] Heap_lock - owner thread: 0x000001ac7356a800

Heap address: 0x00000000a1e00000, size: 1506 MB, Compressed Oops mode: Non-zero based: 0x00000000a1e00000
Narrow klass base: 0x0000000000000000, Narrow klass shift: 0

GC Heap History (0 events):
No events

Deoptimization events (0 events):
No events

Classes redefined (0 events):
No events

Internal exceptions (0 events):
No events

Events (1 events):
Event: 0.013 Loaded shared library C:\Program Files\AdoptOpenJDK\jdk-11.0.8.10-hotspot\bin\zip.dll


Dynamic libraries:
0x00007ff7d4540000 - 0x00007ff7d454d000 	C:\Program Files\AdoptOpenJDK\jdk-11.0.8.10-hotspot\bin\javaw.exe
0x00007fff79250000 - 0x00007fff79431000 	C:\WINDOWS\SYSTEM32\ntdll.dll
0x00007fff78810000 - 0x00007fff788c1000 	C:\WINDOWS\System32\KERNEL32.DLL
0x00007fff757e0000 - 0x00007fff75a53000 	C:\WINDOWS\System32\KERNELBASE.dll
0x00007fff75690000 - 0x00007fff75788000 	C:\WINDOWS\System32\ucrtbase.dll
0x00007fff68bf0000 - 0x00007fff68c05000 	C:\Program Files\AdoptOpenJDK\jdk-11.0.8.10-hotspot\bin\VCRUNTIME140.dll
0x00007fff68bb0000 - 0x00007fff68bc7000 	C:\Program Files\AdoptOpenJDK\jdk-11.0.8.10-hotspot\bin\jli.dll
0x00007fff788d0000 - 0x00007fff78a61000 	C:\WINDOWS\System32\USER32.dll
0x00007fff75ea0000 - 0x00007fff75ec0000 	C:\WINDOWS\System32\win32u.dll
0x00007fff6a400000 - 0x00007fff6a669000 	C:\WINDOWS\WinSxS\amd64_microsoft.windows.common-controls_6595b64144ccf1df_6.0.17134.1726_none_d3fdb88f7c924124\COMCTL32.dll
0x00007fff783a0000 - 0x00007fff783c8000 	C:\WINDOWS\System32\GDI32.dll
0x00007fff78ff0000 - 0x00007fff7908e000 	C:\WINDOWS\System32\msvcrt.dll
0x00007fff75a60000 - 0x00007fff75bf3000 	C:\WINDOWS\System32\gdi32full.dll
0x00007fff755f0000 - 0x00007fff7568f000 	C:\WINDOWS\System32\msvcp_win.dll
0x00007fff784e0000 - 0x00007fff78801000 	C:\WINDOWS\System32\combase.dll
0x00007fff790f0000 - 0x00007fff79214000 	C:\WINDOWS\System32\RPCRT4.dll
0x00007fff75f20000 - 0x00007fff75f99000 	C:\WINDOWS\System32\bcryptPrimitives.dll
0x00007fff78170000 - 0x00007fff7819d000 	C:\WINDOWS\System32\IMM32.DLL
0x00007fff59230000 - 0x00007fff592cb000 	C:\Program Files\AdoptOpenJDK\jdk-11.0.8.10-hotspot\bin\msvcp140.dll
0x00007fff37040000 - 0x00007fff37afd000 	C:\Program Files\AdoptOpenJDK\jdk-11.0.8.10-hotspot\bin\server\jvm.dll
0x00007fff78a70000 - 0x00007fff78b11000 	C:\WINDOWS\System32\ADVAPI32.dll
0x00007fff78470000 - 0x00007fff784cb000 	C:\WINDOWS\System32\sechost.dll
0x00007fff78f70000 - 0x00007fff78f78000 	C:\WINDOWS\System32\PSAPI.DLL
0x00007fff6e730000 - 0x00007fff6e739000 	C:\WINDOWS\SYSTEM32\WSOCK32.dll
0x00007fff737b0000 - 0x00007fff737d3000 	C:\WINDOWS\SYSTEM32\WINMM.dll
0x00007fff78f80000 - 0x00007fff78fec000 	C:\WINDOWS\System32\WS2_32.dll
0x00007fff67060000 - 0x00007fff6706a000 	C:\WINDOWS\SYSTEM32\VERSION.dll
0x00007fff73770000 - 0x00007fff7379a000 	C:\WINDOWS\SYSTEM32\winmmbase.dll
0x00007fff75790000 - 0x00007fff757d9000 	C:\WINDOWS\System32\cfgmgr32.dll
0x00007fff75540000 - 0x00007fff75551000 	C:\WINDOWS\System32\kernel.appcore.dll
0x00007fff6e720000 - 0x00007fff6e730000 	C:\Program Files\AdoptOpenJDK\jdk-11.0.8.10-hotspot\bin\verify.dll
0x00007fff64af0000 - 0x00007fff64cb9000 	C:\WINDOWS\SYSTEM32\DBGHELP.DLL
0x00007fff64a90000 - 0x00007fff64ab9000 	C:\WINDOWS\SYSTEM32\dbgcore.DLL
0x00007fff693d0000 - 0x00007fff693f8000 	C:\Program Files\AdoptOpenJDK\jdk-11.0.8.10-hotspot\bin\java.dll
0x00007fff6adf0000 - 0x00007fff6adfa000 	C:\Program Files\AdoptOpenJDK\jdk-11.0.8.10-hotspot\bin\jimage.dll
0x00007fff6a260000 - 0x00007fff6a277000 	C:\Program Files\AdoptOpenJDK\jdk-11.0.8.10-hotspot\bin\zip.dll

dbghelp: loaded successfully - version: 4.0.5 - missing functions: none
symbol engine: initialized successfully - sym options: 0x614 - pdb path: .;C:\Program Files\AdoptOpenJDK\jdk-11.0.8.10-hotspot\bin;C:\WINDOWS\SYSTEM32;C:\WINDOWS\WinSxS\amd64_microsoft.windows.common-controls_6595b64144ccf1df_6.0.17134.1726_none_d3fdb88f7c924124;C:\Program Files\AdoptOpenJDK\jdk-11.0.8.10-hotspot\bin\server

VM Arguments:
jvm_args: -Dfile.encoding=Cp1252 
java_command: jogodaforca.Main
java_class_path (initial): C:\Users\6em7\git\Jogo_POO_SENAI\bin
Launcher Type: SUN_STANDARD

[Global flags]
     intx CICompilerCount                          = 3                                         {product} {ergonomic}
     uint ConcGCThreads                            = 1                                         {product} {ergonomic}
     uint G1ConcRefinementThreads                  = 4                                         {product} {ergonomic}
   size_t G1HeapRegionSize                         = 1048576                                   {product} {ergonomic}
    uintx GCDrainStackTargetSize                   = 64                                        {product} {ergonomic}
   size_t InitialHeapSize                          = 100663296                                 {product} {ergonomic}
   size_t MarkStackSize                            = 4194304                                   {product} {ergonomic}
   size_t MaxHeapSize                              = 1579155456                                {product} {ergonomic}
   size_t MinHeapDeltaBytes                        = 1048576                                   {product} {ergonomic}
    uintx NonNMethodCodeHeapSize                   = 5830732                                {pd product} {ergonomic}
    uintx NonProfiledCodeHeapSize                  = 122913754                              {pd product} {ergonomic}
    uintx ProfiledCodeHeapSize                     = 122913754                              {pd product} {ergonomic}
    uintx ReservedCodeCacheSize                    = 251658240                              {pd product} {ergonomic}
     bool SegmentedCodeCache                       = true                                      {product} {ergonomic}
     bool UseCompressedClassPointers               = true                                 {lp64_product} {ergonomic}
     bool UseCompressedOops                        = true                                 {lp64_product} {ergonomic}
     bool UseG1GC                                  = true                                      {product} {ergonomic}
     bool UseLargePagesIndividualAllocation        = false                                  {pd product} {ergonomic}

Logging:
Log output configuration:
 #0: stdout all=warning uptime,level,tags
 #1: stderr all=off uptime,level,tags

Environment Variables:
JAVA_HOME=C:\Program Files\AdoptOpenJDK\jdk-11.0.8.10-hotspot\
PATH=C:/Program Files/AdoptOpenJDK/jdk-11.0.8.10-hotspot/bin/client;C:/Program Files/AdoptOpenJDK/jdk-11.0.8.10-hotspot/bin;C:\Program Files\AdoptOpenJDK\jdk-11.0.8.10-hotspot\bin;C:\WINDOWS\system32;C:\WINDOWS;C:\WINDOWS\System32\Wbem;C:\WINDOWS\System32\WindowsPowerShell\v1.0\;C:\WINDOWS\System32\OpenSSH\;C:\Program Files\PuTTY\;C:\Program Files\nodejs\;C:\Program Files\Git\cmd;C:\ProgramData\chocolatey\bin;C:\Users\6em7\AppData\Local\Microsoft\WindowsApps;C:\Users\6em7\AppData\Local\Programs\Microsoft VS Code\bin;C:\Users\6em7\AppData\Local\GitHubDesktop\bin;C:\Users\6em7\AppData\Roaming\npm;C:\Users\6em7\eclipse\java-2020-06\eclipse;
USERNAME=6em7
OS=Windows_NT
PROCESSOR_IDENTIFIER=Intel64 Family 6 Model 58 Stepping 9, GenuineIntel



---------------  S Y S T E M  ---------------

OS: Windows 10 , 64 bit Build 17134 (10.0.17134.1425)
OS uptime: 3 days 7:49 hours

CPU:total 4 (initial active 4) (2 cores per cpu, 2 threads per core) family 6 model 58 stepping 9, cmov, cx8, fxsr, mmx, sse, sse2, sse3, ssse3, sse4.1, sse4.2, popcnt, avx, aes, clmul, erms, ht, tsc, tscinvbit, tscinv

Memory: 4k page, system-wide physical 6019M (2431M free)
TotalPageFile size 9703M (AvailPageFile size 87M)
current process WorkingSet (physical memory assigned to process): 9M, peak: 9M
current process commit charge ("private bytes"): 51M, peak: 147M

vm_info: OpenJDK 64-Bit Server VM (11.0.8+10) for windows-amd64 JRE (11.0.8+10), built on Jul 15 2020 11:45:54 by "" with MS VC++ 15.9 (VS2017)

END.
